<?xml version="1.0" encoding="UTF-8"?>
<!-- Generated by org.testng.reporters.JUnitReportReporter -->
<testsuite hostname="Om_Namah_Shivay" failures="0" tests="1" name="docker.DockerWithChrome" time="8.397" errors="0" timestamp="2024-02-15T07:56:19 IST" skipped="0">
  <testcase classname="docker.DockerWithChrome" name="test1" time="8.397"/>
  <system-out/>
</testsuite> <!-- docker.DockerWithChrome -->
