<?xml version="1.0" encoding="UTF-8"?>
<!-- Generated by org.testng.reporters.JUnitReportReporter -->
<testsuite hostname="Om_Namah_Shivay" failures="0" tests="1" name="Package1.Demo" time="35.609" errors="0" timestamp="2024-02-09T09:18:55 IST" skipped="0">
  <testcase classname="Package1.Demo" name="setup" time="35.609"/>
  <system-out/>
</testsuite> <!-- Package1.Demo -->
