<?xml version="1.0" encoding="UTF-8"?>
<!-- Generated by org.testng.reporters.JUnitReportReporter -->
<testsuite hostname="Om_Namah_Shivay" failures="0" tests="1" name="Package1.Demo" time="7.133" errors="0" timestamp="2024-02-11T06:12:30 IST" skipped="0">
  <testcase classname="Package1.Demo" name="setup" time="7.133"/>
  <system-out/>
</testsuite> <!-- Package1.Demo -->
