<?xml version="1.0" encoding="UTF-8"?>
<!-- Generated by org.testng.reporters.JUnitReportReporter -->
<testsuite hostname="Om_Namah_Shivay" failures="0" tests="1" name="Package1.Demo2" time="7.459" errors="0" timestamp="2024-02-11T06:12:30 IST" skipped="0">
  <testcase classname="Package1.Demo2" name="setup" time="7.459"/>
  <system-out/>
</testsuite> <!-- Package1.Demo2 -->
